<?xml version="1.0" encoding="utf-8" standalone="no"?>
<!--This file represents the results of running a test suite-->
<test-results name="D:\QQPCmgr\Desktop\SampleProgram\SampleProgram.Test\bin\Debug\SampleProgram.Test.exe" total="7" errors="0" failures="0" not-run="0" inconclusive="0" ignored="0" skipped="0" invalid="0" date="2018-05-30" time="23:31:26">
  <environment nunit-version="2.5.10.11092" clr-version="4.0.30319.42000" os-version="Microsoft Windows NT 6.2.9200.0" platform="Win32NT" cwd="D:\QQPCmgr\Desktop\SampleProgram\SampleProgram.Test\bin\Debug" machine-name="IDEA-PC" user="Aini jidan" user-domain="IDEA-PC" />
  <culture-info current-culture="zh-CN" current-uiculture="zh-CN" />
  <test-suite type="Assembly" name="D:\QQPCmgr\Desktop\SampleProgram\SampleProgram.Test\bin\Debug\SampleProgram.Test.exe" executed="True" result="Success" success="True" time="3.031" asserts="0">
    <results>
      <test-suite type="Namespace" name="SampleProgram" executed="True" result="Success" success="True" time="3.026" asserts="0">
        <results>
          <test-suite type="Namespace" name="Test" executed="True" result="Success" success="True" time="3.026" asserts="0">
            <results>
              <test-suite type="TestFixture" name="TestAnswerFixture" executed="True" result="Success" success="True" time="3.019" asserts="0">
                <results>
                  <test-case name="SampleProgram.Test.TestAnswerFixture.TestBishopMoveFromCorner" executed="True" result="Success" success="True" time="0.052" asserts="4" />
                  <test-case name="SampleProgram.Test.TestAnswerFixture.TestBishopMoveFromInsideBoard" executed="True" result="Success" success="True" time="0.002" asserts="13" />
                  <test-case name="SampleProgram.Test.TestAnswerFixture.TestQueenMoveFromCorner" executed="True" result="Success" success="True" time="2.956" asserts="5" />
                  <test-case name="SampleProgram.Test.TestAnswerFixture.TestQueenMoveFromInsideBoard" executed="True" result="Success" success="True" time="0.001" asserts="27" />
                </results>
              </test-suite>
              <test-suite type="TestFixture" name="TestFixture1" executed="True" result="Success" success="True" time="0.004" asserts="0">
                <results>
                  <test-case name="SampleProgram.Test.TestFixture1.TestKnightMoveFromCorner" executed="True" result="Success" success="True" time="0.002" asserts="4" />
                  <test-case name="SampleProgram.Test.TestFixture1.TestKnightMoveFromInsideBoard" executed="True" result="Success" success="True" time="0.001" asserts="10" />
                  <test-case name="SampleProgram.Test.TestFixture1.TestPosition" executed="True" result="Success" success="True" time="0.001" asserts="3" />
                </results>
              </test-suite>
            </results>
          </test-suite>
        </results>
      </test-suite>
    </results>
  </test-suite>
</test-results>