<?xml version="1.0" encoding="utf-8" standalone="no"?>
<!--This file represents the results of running a test suite-->
<test-results name="C:\Users\v-jinxwu.FAREAST\Desktop\Project-master\Project-master\SampleProgram\SampleProgram.Test\bin\Debug\SampleProgram.Test.exe" total="7" errors="0" failures="0" not-run="0" inconclusive="0" ignored="0" skipped="0" invalid="0" date="2018-05-31" time="03:24:49">
  <environment nunit-version="2.5.10.11092" clr-version="4.0.30319.42000" os-version="Microsoft Windows NT 6.2.9200.0" platform="Win32NT" cwd="C:\Users\v-jinxwu.FAREAST\Desktop\Project-master\Project-master\SampleProgram\SampleProgram.Test\bin\Debug" machine-name="ASP-V-JINX05" user="v-jinxwu" user-domain="FAREAST" />
  <culture-info current-culture="en-US" current-uiculture="en-US" />
  <test-suite type="Assembly" name="C:\Users\v-jinxwu.FAREAST\Desktop\Project-master\Project-master\SampleProgram\SampleProgram.Test\bin\Debug\SampleProgram.Test.exe" executed="True" result="Success" success="True" time="0.593" asserts="0">
    <results>
      <test-suite type="Namespace" name="SampleProgram" executed="True" result="Success" success="True" time="0.585" asserts="0">
        <results>
          <test-suite type="Namespace" name="Test" executed="True" result="Success" success="True" time="0.583" asserts="0">
            <results>
              <test-suite type="TestFixture" name="TestAnswerFixture" executed="True" result="Success" success="True" time="0.550" asserts="0">
                <results>
                  <test-case name="SampleProgram.Test.TestAnswerFixture.TestBishopMoveFromCorner" executed="True" result="Success" success="True" time="0.486" asserts="4" />
                  <test-case name="SampleProgram.Test.TestAnswerFixture.TestBishopMoveFromInsideBoard" executed="True" result="Success" success="True" time="0.007" asserts="13" />
                  <test-case name="SampleProgram.Test.TestAnswerFixture.TestQueenMoveFromCorner" executed="True" result="Success" success="True" time="0.006" asserts="5" />
                  <test-case name="SampleProgram.Test.TestAnswerFixture.TestQueenMoveFromInsideBoard" executed="True" result="Success" success="True" time="0.000" asserts="27" />
                </results>
              </test-suite>
              <test-suite type="TestFixture" name="TestFixture1" executed="True" result="Success" success="True" time="0.026" asserts="0">
                <results>
                  <test-case name="SampleProgram.Test.TestFixture1.TestKnightMoveFromCorner" executed="True" result="Success" success="True" time="0.002" asserts="4" />
                  <test-case name="SampleProgram.Test.TestFixture1.TestKnightMoveFromInsideBoard" executed="True" result="Success" success="True" time="0.000" asserts="10" />
                  <test-case name="SampleProgram.Test.TestFixture1.TestPosition" executed="True" result="Success" success="True" time="0.000" asserts="3" />
                </results>
              </test-suite>
            </results>
          </test-suite>
        </results>
      </test-suite>
    </results>
  </test-suite>
</test-results>